[init : remove] Removing all files from /workspace/source ...

[clone : clone] + '[' false = true ']'
[clone : clone] + '[' false = true ']'
[clone : clone] + '[' false = true ']'
[clone : clone] + CHECKOUT_DIR=/workspace/output/
[clone : clone] + '[' true = true ']'
[clone : clone] + cleandir
[clone : clone] + '[' -d /workspace/output/ ']'
[clone : clone] + rm -rf '/workspace/output//*'
[clone : clone] + rm -rf '/workspace/output//.[!.]*'
[clone : clone] + rm -rf '/workspace/output//..?*'
[clone : clone] + test -z ''
[clone : clone] + test -z ''
[clone : clone] + test -z ''
[clone : clone] + git config --global --add safe.directory /workspace/output
[clone : clone] + /ko-app/git-init -url=https://github.com/Nickler270/devops-capstone-project.git -revision=cd-pipeline -refspec= -path=/workspace/output/ -sslVerify=true -submodules=true -depth=1 -sparseCheckoutDirectories=
[clone : clone] {"level":"info","ts":1738788873.6756039,"caller":"git/git.go:176","msg":"Successfully cloned https://github.com/Nickler270/devops-capstone-project.git @ f9fe6144af85fdb22707aeb8a578664d98dc1362 (grafted, HEAD, origin/cd-pipeline) in path /workspace/output/"}
[clone : clone] {"level":"info","ts":1738788873.7836246,"caller":"git/git.go:215","msg":"Successfully initialized and updated submodules in path /workspace/output/"}
[clone : clone] + cd /workspace/output/
[clone : clone] ++ git rev-parse HEAD
[clone : clone] + RESULT_SHA=f9fe6144af85fdb22707aeb8a578664d98dc1362
[clone : clone] + EXIT_CODE=0
[clone : clone] + '[' 0 '!=' 0 ']'
[clone : clone] + printf %s f9fe6144af85fdb22707aeb8a578664d98dc1362
[clone : clone] + printf %s https://github.com/Nickler270/devops-capstone-project.git

[lint : flake8] Collecting Werkzeug==2.1.2
[lint : flake8]   Downloading Werkzeug-2.1.2-py3-none-any.whl (224 kB)
[lint : flake8]      â”â”â”â”â”â”â”â”â”â”â”â”â”â”â”â”â”â”â”â”â”â”â”â”â”â”â”â”â”â”â”â”â”â”â”â”â”â”â” 224.9/224.9 kB 4.0 MB/s eta 0:00:00
[lint : flake8] Collecting SQLAlchemy==1.4.46
[lint : flake8]   Downloading SQLAlchemy-1.4.46-cp39-cp39-manylinux_2_5_x86_64.manylinux1_x86_64.manylinux_2_17_x86_64.manylinux2014_x86_64.whl (1.6 MB)
[lint : flake8]      â”â”â”â”â”â”â”â”â”â”â”â”â”â”â”â”â”â”â”â”â”â”â”â”â”â”â”â”â”â”â”â”â”â”â”â”â”â”â”â” 1.6/1.6 MB 89.3 MB/s eta 0:00:00
[lint : flake8] Collecting Flask==2.1.2
[lint : flake8]   Downloading Flask-2.1.2-py3-none-any.whl (95 kB)
[lint : flake8]      â”â”â”â”â”â”â”â”â”â”â”â”â”â”â”â”â”â”â”â”â”â”â”â”â”â”â”â”â”â”â”â”â”â”â”â”â”â”â”â” 95.2/95.2 kB 1.4 MB/s eta 0:00:00
[lint : flake8] Collecting flask-talisman
[lint : flake8]   Downloading flask_talisman-1.1.0-py2.py3-none-any.whl (18 kB)
[lint : flake8] Collecting flask-cors
[lint : flake8]   Downloading Flask_Cors-5.0.0-py2.py3-none-any.whl (14 kB)
[lint : flake8] Collecting Flask-SQLAlchemy==2.5.1
[lint : flake8]   Downloading Flask_SQLAlchemy-2.5.1-py2.py3-none-any.whl (17 kB)
[lint : flake8] Collecting psycopg2-binary==2.9.3
[lint : flake8]   Downloading psycopg2_binary-2.9.3-cp39-cp39-manylinux_2_17_x86_64.manylinux2014_x86_64.whl (3.0 MB)
[lint : flake8]      â”â”â”â”â”â”â”â”â”â”â”â”â”â”â”â”â”â”â”â”â”â”â”â”â”â”â”â”â”â”â”â”â”â”â”â”â”â”â”â” 3.0/3.0 MB 32.3 MB/s eta 0:00:00
[lint : flake8] Collecting python-dotenv==0.20.0
[lint : flake8]   Downloading python_dotenv-0.20.0-py3-none-any.whl (17 kB)
[lint : flake8] Collecting gunicorn==20.1.0
[lint : flake8]   Downloading gunicorn-20.1.0-py3-none-any.whl (79 kB)
[lint : flake8]      â”â”â”â”â”â”â”â”â”â”â”â”â”â”â”â”â”â”â”â”â”â”â”â”â”â”â”â”â”â”â”â”â”â”â”â”â”â”â”â” 79.5/79.5 kB 34.9 MB/s eta 0:00:00
[lint : flake8] Collecting honcho==1.1.0
[lint : flake8]   Downloading honcho-1.1.0-py2.py3-none-any.whl (21 kB)
[lint : flake8] Collecting pylint==2.14.0
[lint : flake8]   Downloading pylint-2.14.0-py3-none-any.whl (485 kB)
[lint : flake8]      â”â”â”â”â”â”â”â”â”â”â”â”â”â”â”â”â”â”â”â”â”â”â”â”â”â”â”â”â”â”â”â”â”â”â”â”â” 485.0/485.0 kB 103.6 MB/s eta 0:00:00
[lint : flake8] Collecting flake8==4.0.1
[lint : flake8]   Downloading flake8-4.0.1-py2.py3-none-any.whl (64 kB)
[lint : flake8]      â”â”â”â”â”â”â”â”â”â”â”â”â”â”â”â”â”â”â”â”â”â”â”â”â”â”â”â”â”â”â”â”â”â”â”â”â”â”â”â” 64.1/64.1 kB 35.2 MB/s eta 0:00:00
[lint : flake8] Collecting black==22.3.0
[lint : flake8]   Downloading black-22.3.0-cp39-cp39-manylinux_2_17_x86_64.manylinux2014_x86_64.whl (1.5 MB)
[lint : flake8]      â”â”â”â”â”â”â”â”â”â”â”â”â”â”â”â”â”â”â”â”â”â”â”â”â”â”â”â”â”â”â”â”â”â”â”â”â”â”â”â” 1.5/1.5 MB 120.3 MB/s eta 0:00:00
[lint : flake8] Collecting nose==1.3.7
[lint : flake8]   Downloading nose-1.3.7-py3-none-any.whl (154 kB)
[lint : flake8]      â”â”â”â”â”â”â”â”â”â”â”â”â”â”â”â”â”â”â”â”â”â”â”â”â”â”â”â”â”â”â”â”â”â”â”â”â”â” 154.7/154.7 kB 62.7 MB/s eta 0:00:00
[lint : flake8] Collecting pinocchio==0.4.3
[lint : flake8]   Downloading pinocchio-0.4.3-py3-none-any.whl (12 kB)
[lint : flake8] Collecting factory-boy==2.12.0
[lint : flake8]   Downloading factory_boy-2.12.0-py2.py3-none-any.whl (36 kB)
[lint : flake8] Collecting coverage==6.3.2
[lint : flake8]   Downloading coverage-6.3.2-cp39-cp39-manylinux_2_5_x86_64.manylinux1_x86_64.manylinux_2_17_x86_64.manylinux2014_x86_64.whl (210 kB)
[lint : flake8]      â”â”â”â”â”â”â”â”â”â”â”â”â”â”â”â”â”â”â”â”â”â”â”â”â”â”â”â”â”â”â”â”â”â”â”â”â”â” 210.7/210.7 kB 75.6 MB/s eta 0:00:00
[lint : flake8] Collecting httpie==3.2.1
[lint : flake8]   Downloading httpie-3.2.1-py3-none-any.whl (124 kB)
[lint : flake8]      â”â”â”â”â”â”â”â”â”â”â”â”â”â”â”â”â”â”â”â”â”â”â”â”â”â”â”â”â”â”â”â”â”â”â”â”â”â” 125.0/125.0 kB 56.2 MB/s eta 0:00:00
[lint : flake8] Collecting greenlet!=0.4.17
[lint : flake8]   Downloading greenlet-3.1.1-cp39-cp39-manylinux_2_24_x86_64.manylinux_2_28_x86_64.whl (597 kB)
[lint : flake8]      â”â”â”â”â”â”â”â”â”â”â”â”â”â”â”â”â”â”â”â”â”â”â”â”â”â”â”â”â”â”â”â”â”â”â”â”â” 597.4/597.4 kB 107.4 MB/s eta 0:00:00
[lint : flake8] Collecting click>=8.0
[lint : flake8]   Downloading click-8.1.8-py3-none-any.whl (98 kB)
[lint : flake8]      â”â”â”â”â”â”â”â”â”â”â”â”â”â”â”â”â”â”â”â”â”â”â”â”â”â”â”â”â”â”â”â”â”â”â”â”â”â”â”â” 98.2/98.2 kB 48.7 MB/s eta 0:00:00
[lint : flake8] Collecting itsdangerous>=2.0
[lint : flake8]   Downloading itsdangerous-2.2.0-py3-none-any.whl (16 kB)
[lint : flake8] Collecting importlib-metadata>=3.6.0
[lint : flake8]   Downloading importlib_metadata-8.6.1-py3-none-any.whl (26 kB)
[lint : flake8] Collecting Jinja2>=3.0
[lint : flake8]   Downloading jinja2-3.1.5-py3-none-any.whl (134 kB)
[lint : flake8]      â”â”â”â”â”â”â”â”â”â”â”â”â”â”â”â”â”â”â”â”â”â”â”â”â”â”â”â”â”â”â”â”â”â”â”â”â”â” 134.6/134.6 kB 55.2 MB/s eta 0:00:00
[lint : flake8] Requirement already satisfied: setuptools>=3.0 in /usr/local/lib/python3.9/site-packages (from gunicorn==20.1.0->-r requirements.txt (line 14)) (58.1.0)
[lint : flake8] Collecting tomlkit>=0.10.1
[lint : flake8]   Downloading tomlkit-0.13.2-py3-none-any.whl (37 kB)
[lint : flake8] Collecting mccabe<0.8,>=0.6
[lint : flake8]   Downloading mccabe-0.7.0-py2.py3-none-any.whl (7.3 kB)
[lint : flake8] Collecting dill>=0.2
[lint : flake8]   Downloading dill-0.3.9-py3-none-any.whl (119 kB)
[lint : flake8]      â”â”â”â”â”â”â”â”â”â”â”â”â”â”â”â”â”â”â”â”â”â”â”â”â”â”â”â”â”â”â”â”â”â”â”â”â”â” 119.4/119.4 kB 58.4 MB/s eta 0:00:00
[lint : flake8] Collecting astroid<=2.12.0-dev0,>=2.11.5
[lint : flake8]   Downloading astroid-2.11.7-py3-none-any.whl (251 kB)
[lint : flake8]      â”â”â”â”â”â”â”â”â”â”â”â”â”â”â”â”â”â”â”â”â”â”â”â”â”â”â”â”â”â”â”â”â”â”â”â”â”â” 251.2/251.2 kB 82.5 MB/s eta 0:00:00
[lint : flake8] Collecting typing-extensions>=3.10.0
[lint : flake8]   Downloading typing_extensions-4.12.2-py3-none-any.whl (37 kB)
[lint : flake8] Collecting isort<6,>=4.2.5
[lint : flake8]   Downloading isort-5.13.2-py3-none-any.whl (92 kB)
[lint : flake8]      â”â”â”â”â”â”â”â”â”â”â”â”â”â”â”â”â”â”â”â”â”â”â”â”â”â”â”â”â”â”â”â”â”â”â”â”â”â”â”â” 92.3/92.3 kB 50.4 MB/s eta 0:00:00
[lint : flake8] Collecting platformdirs>=2.2.0
[lint : flake8]   Downloading platformdirs-4.3.6-py3-none-any.whl (18 kB)
[lint : flake8] Collecting tomli>=1.1.0
[lint : flake8]   Downloading tomli-2.2.1-py3-none-any.whl (14 kB)
[lint : flake8] Collecting pyflakes<2.5.0,>=2.4.0
[lint : flake8]   Downloading pyflakes-2.4.0-py2.py3-none-any.whl (69 kB)
[lint : flake8]      â”â”â”â”â”â”â”â”â”â”â”â”â”â”â”â”â”â”â”â”â”â”â”â”â”â”â”â”â”â”â”â”â”â”â”â”â”â”â”â” 69.7/69.7 kB 34.6 MB/s eta 0:00:00
[lint : flake8] Collecting pycodestyle<2.9.0,>=2.8.0
[lint : flake8]   Downloading pycodestyle-2.8.0-py2.py3-none-any.whl (42 kB)
[lint : flake8]      â”â”â”â”â”â”â”â”â”â”â”â”â”â”â”â”â”â”â”â”â”â”â”â”â”â”â”â”â”â”â”â”â”â”â”â”â”â”â”â” 42.1/42.1 kB 23.4 MB/s eta 0:00:00
[lint : flake8] Collecting mccabe<0.8,>=0.6
[lint : flake8]   Downloading mccabe-0.6.1-py2.py3-none-any.whl (8.6 kB)
[lint : flake8] Collecting mypy-extensions>=0.4.3
[lint : flake8]   Downloading mypy_extensions-1.0.0-py3-none-any.whl (4.7 kB)
[lint : flake8] Collecting pathspec>=0.9.0
[lint : flake8]   Downloading pathspec-0.12.1-py3-none-any.whl (31 kB)
[lint : flake8] Collecting colorama
[lint : flake8]   Downloading colorama-0.4.6-py2.py3-none-any.whl (25 kB)
[lint : flake8] Collecting Faker>=0.7.0
[lint : flake8]   Downloading Faker-35.2.0-py3-none-any.whl (1.9 MB)
[lint : flake8]      â”â”â”â”â”â”â”â”â”â”â”â”â”â”â”â”â”â”â”â”â”â”â”â”â”â”â”â”â”â”â”â”â”â”â”â”â”â”â”â” 1.9/1.9 MB 122.4 MB/s eta 0:00:00
[lint : flake8] Collecting rich>=9.10.0
[lint : flake8]   Downloading rich-13.9.4-py3-none-any.whl (242 kB)
[lint : flake8]      â”â”â”â”â”â”â”â”â”â”â”â”â”â”â”â”â”â”â”â”â”â”â”â”â”â”â”â”â”â”â”â”â”â”â”â”â”â” 242.4/242.4 kB 73.6 MB/s eta 0:00:00
[lint : flake8] Requirement already satisfied: pip in /usr/local/lib/python3.9/site-packages (from httpie==3.2.1->-r requirements.txt (line 31)) (23.0.1)
[lint : flake8] Collecting requests[socks]>=2.22.0
[lint : flake8]   Downloading requests-2.32.3-py3-none-any.whl (64 kB)
[lint : flake8]      â”â”â”â”â”â”â”â”â”â”â”â”â”â”â”â”â”â”â”â”â”â”â”â”â”â”â”â”â”â”â”â”â”â”â”â”â”â”â”â” 64.9/64.9 kB 36.4 MB/s eta 0:00:00
[lint : flake8] Collecting defusedxml>=0.6.0
[lint : flake8]   Downloading defusedxml-0.7.1-py2.py3-none-any.whl (25 kB)
[lint : flake8] Collecting multidict>=4.7.0
[lint : flake8]   Downloading multidict-6.1.0-cp39-cp39-manylinux_2_17_x86_64.manylinux2014_x86_64.whl (124 kB)
[lint : flake8]      â”â”â”â”â”â”â”â”â”â”â”â”â”â”â”â”â”â”â”â”â”â”â”â”â”â”â”â”â”â”â”â”â”â”â”â”â”â” 124.1/124.1 kB 56.3 MB/s eta 0:00:00
[lint : flake8] Collecting charset-normalizer>=2.0.0
[lint : flake8]   Downloading charset_normalizer-3.4.1-cp39-cp39-manylinux_2_17_x86_64.manylinux2014_x86_64.whl (146 kB)
[lint : flake8]      â”â”â”â”â”â”â”â”â”â”â”â”â”â”â”â”â”â”â”â”â”â”â”â”â”â”â”â”â”â”â”â”â”â”â”â”â”â” 146.2/146.2 kB 57.3 MB/s eta 0:00:00
[lint : flake8] Collecting Pygments>=2.5.2
[lint : flake8]   Downloading pygments-2.19.1-py3-none-any.whl (1.2 MB)
[lint : flake8]      â”â”â”â”â”â”â”â”â”â”â”â”â”â”â”â”â”â”â”â”â”â”â”â”â”â”â”â”â”â”â”â”â”â”â”â”â”â”â”â” 1.2/1.2 MB 114.2 MB/s eta 0:00:00
[lint : flake8] Collecting requests-toolbelt>=0.9.1
[lint : flake8]   Downloading requests_toolbelt-1.0.0-py2.py3-none-any.whl (54 kB)
[lint : flake8]      â”â”â”â”â”â”â”â”â”â”â”â”â”â”â”â”â”â”â”â”â”â”â”â”â”â”â”â”â”â”â”â”â”â”â”â”â”â”â”â” 54.5/54.5 kB 31.7 MB/s eta 0:00:00
[lint : flake8] Collecting wrapt<2,>=1.11
[lint : flake8]   Downloading wrapt-1.17.2-cp39-cp39-manylinux_2_5_x86_64.manylinux1_x86_64.manylinux_2_17_x86_64.manylinux2014_x86_64.whl (82 kB)
[lint : flake8]      â”â”â”â”â”â”â”â”â”â”â”â”â”â”â”â”â”â”â”â”â”â”â”â”â”â”â”â”â”â”â”â”â”â”â”â”â”â”â”â” 82.6/82.6 kB 43.9 MB/s eta 0:00:00
[lint : flake8] Collecting lazy-object-proxy>=1.4.0
[lint : flake8]   Downloading lazy_object_proxy-1.10.0-cp39-cp39-manylinux_2_5_x86_64.manylinux1_x86_64.manylinux_2_17_x86_64.manylinux2014_x86_64.whl (67 kB)
[lint : flake8]      â”â”â”â”â”â”â”â”â”â”â”â”â”â”â”â”â”â”â”â”â”â”â”â”â”â”â”â”â”â”â”â”â”â”â”â”â”â”â”â” 67.1/67.1 kB 33.6 MB/s eta 0:00:00
[lint : flake8] Collecting python-dateutil>=2.4
[lint : flake8]   Downloading python_dateutil-2.9.0.post0-py2.py3-none-any.whl (229 kB)
[lint : flake8]      â”â”â”â”â”â”â”â”â”â”â”â”â”â”â”â”â”â”â”â”â”â”â”â”â”â”â”â”â”â”â”â”â”â”â”â”â”â”â” 229.9/229.9 kB 4.4 MB/s eta 0:00:00
[lint : flake8] Collecting zipp>=3.20
[lint : flake8]   Downloading zipp-3.21.0-py3-none-any.whl (9.6 kB)
[lint : flake8] Collecting MarkupSafe>=2.0
[lint : flake8]   Downloading MarkupSafe-3.0.2-cp39-cp39-manylinux_2_17_x86_64.manylinux2014_x86_64.whl (20 kB)
[lint : flake8] Collecting certifi>=2017.4.17
[lint : flake8]   Downloading certifi-2025.1.31-py3-none-any.whl (166 kB)
[lint : flake8]      â”â”â”â”â”â”â”â”â”â”â”â”â”â”â”â”â”â”â”â”â”â”â”â”â”â”â”â”â”â”â”â”â”â”â”â”â”â” 166.4/166.4 kB 40.5 MB/s eta 0:00:00
[lint : flake8] Collecting idna<4,>=2.5
[lint : flake8]   Downloading idna-3.10-py3-none-any.whl (70 kB)
[lint : flake8]      â”â”â”â”â”â”â”â”â”â”â”â”â”â”â”â”â”â”â”â”â”â”â”â”â”â”â”â”â”â”â”â”â”â”â”â”â”â”â”â” 70.4/70.4 kB 33.1 MB/s eta 0:00:00
[lint : flake8] Collecting urllib3<3,>=1.21.1
[lint : flake8]   Downloading urllib3-2.3.0-py3-none-any.whl (128 kB)
[lint : flake8]      â”â”â”â”â”â”â”â”â”â”â”â”â”â”â”â”â”â”â”â”â”â”â”â”â”â”â”â”â”â”â”â”â”â”â”â”â”â” 128.4/128.4 kB 56.1 MB/s eta 0:00:00
[lint : flake8] Collecting PySocks!=1.5.7,>=1.5.6
[lint : flake8]   Downloading PySocks-1.7.1-py3-none-any.whl (16 kB)
[lint : flake8] Collecting markdown-it-py>=2.2.0
[lint : flake8]   Downloading markdown_it_py-3.0.0-py3-none-any.whl (87 kB)
[lint : flake8]      â”â”â”â”â”â”â”â”â”â”â”â”â”â”â”â”â”â”â”â”â”â”â”â”â”â”â”â”â”â”â”â”â”â”â”â”â”â”â”â” 87.5/87.5 kB 31.1 MB/s eta 0:00:00
[lint : flake8] Collecting mdurl~=0.1
[lint : flake8]   Downloading mdurl-0.1.2-py3-none-any.whl (10.0 kB)
[lint : flake8] Collecting six>=1.5
[lint : flake8]   Downloading six-1.17.0-py2.py3-none-any.whl (11 kB)
[lint : flake8] Installing collected packages: nose, mccabe, honcho, flask-talisman, zipp, wrapt, Werkzeug, urllib3, typing-extensions, tomlkit, tomli, six, python-dotenv, PySocks, Pygments, pyflakes, pycodestyle, psycopg2-binary, platformdirs, pathspec, mypy-extensions, mdurl, MarkupSafe, lazy-object-proxy, itsdangerous, isort, idna, gunicorn, greenlet, dill, defusedxml, coverage, colorama, click, charset-normalizer, certifi, SQLAlchemy, requests, python-dateutil, pinocchio, multidict, markdown-it-py, Jinja2, importlib-metadata, flake8, black, astroid, rich, requests-toolbelt, pylint, Flask, Faker, httpie, Flask-SQLAlchemy, flask-cors, factory-boy
[lint : flake8] Successfully installed Faker-35.2.0 Flask-2.1.2 Flask-SQLAlchemy-2.5.1 Jinja2-3.1.5 MarkupSafe-3.0.2 PySocks-1.7.1 Pygments-2.19.1 SQLAlchemy-1.4.46 Werkzeug-2.1.2 astroid-2.11.7 black-22.3.0 certifi-2025.1.31 charset-normalizer-3.4.1 click-8.1.8 colorama-0.4.6 coverage-6.3.2 defusedxml-0.7.1 dill-0.3.9 factory-boy-2.12.0 flake8-4.0.1 flask-cors-5.0.0 flask-talisman-1.1.0 greenlet-3.1.1 gunicorn-20.1.0 honcho-1.1.0 httpie-3.2.1 idna-3.10 importlib-metadata-8.6.1 isort-5.13.2 itsdangerous-2.2.0 lazy-object-proxy-1.10.0 markdown-it-py-3.0.0 mccabe-0.6.1 mdurl-0.1.2 multidict-6.1.0 mypy-extensions-1.0.0 nose-1.3.7 pathspec-0.12.1 pinocchio-0.4.3 platformdirs-4.3.6 psycopg2-binary-2.9.3 pycodestyle-2.8.0 pyflakes-2.4.0 pylint-2.14.0 python-dateutil-2.9.0.post0 python-dotenv-0.20.0 requests-2.32.3 requests-toolbelt-1.0.0 rich-13.9.4 six-1.17.0 tomli-2.2.1 tomlkit-0.13.2 typing-extensions-4.12.2 urllib3-2.3.0 wrapt-1.17.2 zipp-3.21.0
[lint : flake8] WARNING: Running pip as the 'root' user can result in broken permissions and conflicting behaviour with the system package manager. It is recommended to use a virtual environment instead: https://pip.pypa.io/warnings/venv
[lint : flake8] 
[lint : flake8] [notice] A new release of pip is available: 23.0.1 -> 25.0
[lint : flake8] [notice] To update, run: pip install --upgrade pip
[lint : flake8] ./service/routes.py:3:1: F401 'flask.url_for' imported but unused
[lint : flake8] ./service/routes.py:7:1: F401 '.db' imported but unused
[lint : flake8] ./tests/test_routes.py:158:1: W293 blank line contains whitespace
[lint : flake8] ./tests/test_routes.py:169:1: E302 expected 2 blank lines, found 1
[lint : flake8] 1     E302 expected 2 blank lines, found 1
[lint : flake8] 2     F401 'flask.url_for' imported but unused
[lint : flake8] 1     W293 blank line contains whitespace
[lint : flake8] 4

[tests : nosetests] ***** Installing dependencies *****
[tests : nosetests] Requirement already satisfied: pip in /usr/local/lib/python3.9/site-packages (23.0.1)
[tests : nosetests] Collecting pip
[tests : nosetests]   Downloading pip-25.0-py3-none-any.whl (1.8 MB)
[tests : nosetests]      â”â”â”â”â”â”â”â”â”â”â”â”â”â”â”â”â”â”â”â”â”â”â”â”â”â”â”â”â”â”â”â”â”â”â”â”â”â”â”â” 1.8/1.8 MB 21.0 MB/s eta 0:00:00
[tests : nosetests] Requirement already satisfied: wheel in /usr/local/lib/python3.9/site-packages (0.44.0)
[tests : nosetests] Collecting wheel
[tests : nosetests]   Downloading wheel-0.45.1-py3-none-any.whl (72 kB)
[tests : nosetests]      â”â”â”â”â”â”â”â”â”â”â”â”â”â”â”â”â”â”â”â”â”â”â”â”â”â”â”â”â”â”â”â”â”â”â”â”â”â”â”â” 72.5/72.5 kB 30.2 MB/s eta 0:00:00
[tests : nosetests] Installing collected packages: wheel, pip
[tests : nosetests]   Attempting uninstall: wheel
[tests : nosetests]     Found existing installation: wheel 0.44.0
[tests : nosetests]     Uninstalling wheel-0.44.0:
[tests : nosetests]       Successfully uninstalled wheel-0.44.0
[tests : nosetests]   Attempting uninstall: pip
[tests : nosetests]     Found existing installation: pip 23.0.1
[tests : nosetests]     Uninstalling pip-23.0.1:
[tests : nosetests]       Successfully uninstalled pip-23.0.1
[tests : nosetests] Successfully installed pip-25.0 wheel-0.45.1
[tests : nosetests] WARNING: Running pip as the 'root' user can result in broken permissions and conflicting behaviour with the system package manager. It is recommended to use a virtual environment instead: https://pip.pypa.io/warnings/venv
[tests : nosetests] WARNING: Running pip as the 'root' user can result in broken permissions and conflicting behaviour with the system package manager, possibly rendering your system unusable. It is recommended to use a virtual environment instead: https://pip.pypa.io/warnings/venv. Use the --root-user-action option if you know what you are doing and want to suppress this warning.
[tests : nosetests] ***** Running nosetests with: -v --with-spec --spec-color
[tests : nosetests] nose.config: INFO: Ignoring files matching ['^\\.', '^_', '^setup\\.py$']
[tests : nosetests] nose.plugins.cover: INFO: Coverage report will include only packages: ['service']
[tests : nosetests] 
[tests : nosetests] Test Flask CLI Commands
[tests : nosetests] [1;32m- It should call the db-create command[1;0m
[tests : nosetests] 
[tests : nosetests] Test Cases for Account Model
[tests : nosetests] [1;32m- It should Create an account and add it to the database[1;0m
[tests : nosetests] [1;32m- It should Create an Account and assert that it exists[1;0m
[tests : nosetests] [1;32m- It should Delete an account from the database[1;0m
[tests : nosetests] [1;32m- It should Deserialize an account[1;0m
[tests : nosetests] [1;32m- It should not Deserialize an account with a KeyError[1;0m
[tests : nosetests] [1;32m- It should not Deserialize an account with a TypeError[1;0m
[tests : nosetests] [1;32m- It should Find an Account by name[1;0m
[tests : nosetests] [1;32m- It should List all Accounts in the database[1;0m
[tests : nosetests] [1;32m- It should Read an account[1;0m
[tests : nosetests] [1;32m- It should Serialize an account[1;0m
[tests : nosetests] [1;32m- It should Update an account[1;0m
[tests : nosetests] 
[tests : nosetests] Account Service Tests
[tests : nosetests] [1;32m- It should not Read an Account that is not found[1;0m
[tests : nosetests] [1;32m- It should not Create an Account when sending the wrong data[1;0m
[tests : nosetests] [1;32m- It should be healthy[1;0m
[tests : nosetests] [1;32m- It should get 200_OK from the Home Page[1;0m
[tests : nosetests] [1;32m- It should Read a single Account[1;0m
[tests : nosetests] [1;32m- It should not Create an Account when sending the wrong media type[1;0m
[tests : nosetests] [1;31m- It should Update an Account (ERROR)[1;0m
[tests : nosetests] 
[tests : nosetests] 
[tests : nosetests] Account API Service Test Suite
[tests : nosetests] 
[tests : nosetests] Test cases can be run with the following:
[tests : nosetests]   nosetests -v --with-spec --spec-color
[tests : nosetests]   coverage report -m
[tests : nosetests] 
[tests : nosetests] [1;31m- It should delete an Account and return a success message (ERROR)[1;0m
[tests : nosetests] 
[tests : nosetests] ======================================================================
[tests : nosetests] ERROR: It should Update an Account
[tests : nosetests] ----------------------------------------------------------------------
[tests : nosetests] Traceback (most recent call last):
[tests : nosetests]   File "/workspace/source/tests/test_routes.py", line 148, in test_update_account
[tests : nosetests]     resp = self.client.put(
[tests : nosetests]   File "/usr/local/lib/python3.9/site-packages/werkzeug/test.py", line 1145, in put
[tests : nosetests]     return self.open(*args, **kw)
[tests : nosetests]   File "/usr/local/lib/python3.9/site-packages/flask/testing.py", line 217, in open
[tests : nosetests]     return super().open(
[tests : nosetests]   File "/usr/local/lib/python3.9/site-packages/werkzeug/test.py", line 1089, in open
[tests : nosetests]     response = self.run_wsgi_app(request.environ, buffered=buffered)
[tests : nosetests]   File "/usr/local/lib/python3.9/site-packages/werkzeug/test.py", line 956, in run_wsgi_app
[tests : nosetests]     rv = run_wsgi_app(self.application, environ, buffered=buffered)
[tests : nosetests]   File "/usr/local/lib/python3.9/site-packages/werkzeug/test.py", line 1237, in run_wsgi_app
[tests : nosetests]     app_rv = app(environ, start_response)
[tests : nosetests]   File "/usr/local/lib/python3.9/site-packages/flask/app.py", line 2095, in __call__
[tests : nosetests]     return self.wsgi_app(environ, start_response)
[tests : nosetests]   File "/usr/local/lib/python3.9/site-packages/flask/app.py", line 2080, in wsgi_app
[tests : nosetests]     response = self.handle_exception(e)
[tests : nosetests]   File "/usr/local/lib/python3.9/site-packages/flask_cors/extension.py", line 194, in wrapped_function
[tests : nosetests]     return cors_after_request(app.make_response(f(*args, **kwargs)))
[tests : nosetests]   File "/usr/local/lib/python3.9/site-packages/flask/app.py", line 2077, in wsgi_app
[tests : nosetests]     response = self.full_dispatch_request()
[tests : nosetests]   File "/usr/local/lib/python3.9/site-packages/flask/app.py", line 1525, in full_dispatch_request
[tests : nosetests]     rv = self.handle_user_exception(e)
[tests : nosetests]   File "/usr/local/lib/python3.9/site-packages/flask_cors/extension.py", line 194, in wrapped_function
[tests : nosetests]     return cors_after_request(app.make_response(f(*args, **kwargs)))
[tests : nosetests]   File "/usr/local/lib/python3.9/site-packages/flask/app.py", line 1523, in full_dispatch_request
[tests : nosetests]     rv = self.dispatch_request()
[tests : nosetests]   File "/usr/local/lib/python3.9/site-packages/flask/app.py", line 1509, in dispatch_request
[tests : nosetests]     return self.ensure_sync(self.view_functions[rule.endpoint])(**req.view_args)
[tests : nosetests]   File "/workspace/source/service/routes.py", line 83, in update_account
[tests : nosetests]     account.update()  # Save changes to the database
[tests : nosetests]   File "/workspace/source/service/models.py", line 48, in update
[tests : nosetests]     db.session.commit()
[tests : nosetests]   File "<string>", line 2, in commit
[tests : nosetests]   File "/usr/local/lib/python3.9/site-packages/sqlalchemy/orm/session.py", line 1451, in commit
[tests : nosetests]     self._transaction.commit(_to_root=self.future)
[tests : nosetests]   File "/usr/local/lib/python3.9/site-packages/sqlalchemy/orm/session.py", line 829, in commit
[tests : nosetests]     self._prepare_impl()
[tests : nosetests]   File "/usr/local/lib/python3.9/site-packages/sqlalchemy/orm/session.py", line 808, in _prepare_impl
[tests : nosetests]     self.session.flush()
[tests : nosetests]   File "/usr/local/lib/python3.9/site-packages/sqlalchemy/orm/session.py", line 3444, in flush
[tests : nosetests]     self._flush(objects)
[tests : nosetests]   File "/usr/local/lib/python3.9/site-packages/sqlalchemy/orm/session.py", line 3584, in _flush
[tests : nosetests]     transaction.rollback(_capture_exception=True)
[tests : nosetests]   File "/usr/local/lib/python3.9/site-packages/sqlalchemy/util/langhelpers.py", line 70, in __exit__
[tests : nosetests]     compat.raise_(
[tests : nosetests]   File "/usr/local/lib/python3.9/site-packages/sqlalchemy/util/compat.py", line 211, in raise_
[tests : nosetests]     raise exception
[tests : nosetests]   File "/usr/local/lib/python3.9/site-packages/sqlalchemy/orm/session.py", line 3544, in _flush
[tests : nosetests]     flush_context.execute()
[tests : nosetests]   File "/usr/local/lib/python3.9/site-packages/sqlalchemy/orm/unitofwork.py", line 456, in execute
[tests : nosetests]     rec.execute(self)
[tests : nosetests]   File "/usr/local/lib/python3.9/site-packages/sqlalchemy/orm/unitofwork.py", line 630, in execute
[tests : nosetests]     util.preloaded.orm_persistence.save_obj(
[tests : nosetests]   File "/usr/local/lib/python3.9/site-packages/sqlalchemy/orm/persistence.py", line 237, in save_obj
[tests : nosetests]     _emit_update_statements(
[tests : nosetests]   File "/usr/local/lib/python3.9/site-packages/sqlalchemy/orm/persistence.py", line 1001, in _emit_update_statements
[tests : nosetests]     c = connection._execute_20(
[tests : nosetests]   File "/usr/local/lib/python3.9/site-packages/sqlalchemy/engine/base.py", line 1705, in _execute_20
[tests : nosetests]     return meth(self, args_10style, kwargs_10style, execution_options)
[tests : nosetests]   File "/usr/local/lib/python3.9/site-packages/sqlalchemy/sql/elements.py", line 334, in _execute_on_connection
[tests : nosetests]     return connection._execute_clauseelement(
[tests : nosetests]   File "/usr/local/lib/python3.9/site-packages/sqlalchemy/engine/base.py", line 1572, in _execute_clauseelement
[tests : nosetests]     ret = self._execute_context(
[tests : nosetests]   File "/usr/local/lib/python3.9/site-packages/sqlalchemy/engine/base.py", line 1806, in _execute_context
[tests : nosetests]     self._handle_dbapi_exception(
[tests : nosetests]   File "/usr/local/lib/python3.9/site-packages/sqlalchemy/engine/base.py", line 2124, in _handle_dbapi_exception
[tests : nosetests]     util.raise_(
[tests : nosetests]   File "/usr/local/lib/python3.9/site-packages/sqlalchemy/util/compat.py", line 211, in raise_
[tests : nosetests]     raise exception
[tests : nosetests]   File "/usr/local/lib/python3.9/site-packages/sqlalchemy/engine/base.py", line 1800, in _execute_context
[tests : nosetests]     context = constructor(
[tests : nosetests]   File "/usr/local/lib/python3.9/site-packages/sqlalchemy/engine/default.py", line 1077, in _init_compiled
[tests : nosetests]     param = [
[tests : nosetests]   File "/usr/local/lib/python3.9/site-packages/sqlalchemy/engine/default.py", line 1078, in <listcomp>
[tests : nosetests]     processors[key](compiled_params[key])
[tests : nosetests]   File "/usr/local/lib/python3.9/site-packages/sqlalchemy/dialects/sqlite/base.py", line 1069, in process
[tests : nosetests]     raise TypeError(
[tests : nosetests] sqlalchemy.exc.StatementError: (builtins.TypeError) SQLite Date type only accepts Python date objects as input.
[tests : nosetests] [SQL: UPDATE account SET name=?, email=?, address=?, phone_number=?, date_joined=? WHERE account.id = ?]
[tests : nosetests] [parameters: [{'email': 'john.updated@example.com', 'name': 'John Updated', 'date_joined': '2025-02-01', 'address': '456 Updated St', 'phone_number': '555-5678', 'account_id': 1}]]
[tests : nosetests] -------------------- >> begin captured logging << --------------------
[tests : nosetests] flask.app: INFO: Creating John Doe
[tests : nosetests] flask.app: INFO: Updating John Updated
[tests : nosetests] --------------------- >> end captured logging << ---------------------
[tests : nosetests] 
[tests : nosetests] ======================================================================
[tests : nosetests] ERROR: It should delete an Account and return a success message
[tests : nosetests] ----------------------------------------------------------------------
[tests : nosetests] Traceback (most recent call last):
[tests : nosetests]   File "/usr/local/lib/python3.9/site-packages/nose/case.py", line 198, in runTest
[tests : nosetests]     self.test(*self.arg)
[tests : nosetests] TypeError: test_delete_account() missing 1 required positional argument: 'self'
[tests : nosetests] 
[tests : nosetests] Name                               Stmts   Miss  Cover   Missing
[tests : nosetests] ----------------------------------------------------------------
[tests : nosetests] service/__init__.py                   25      3    88%   42-45
[tests : nosetests] service/common/__init__.py             0      0   100%
[tests : nosetests] service/common/cli_commands.py         7      0   100%
[tests : nosetests] service/common/error_handlers.py      32      9    72%   37-39, 51-53, 81-83
[tests : nosetests] service/common/log_handlers.py        10      1    90%   22
[tests : nosetests] service/common/status.py              46      0   100%
[tests : nosetests] service/config.py                     13      7    46%   12-18
[tests : nosetests] service/models.py                     70      3    96%   32, 99, 128
[tests : nosetests] service/routes.py                     58     10    83%   50-52, 70, 84, 93-98
[tests : nosetests] ----------------------------------------------------------------
[tests : nosetests] TOTAL                                261     33    87%
[tests : nosetests] ----------------------------------------------------------------------
[tests : nosetests] Ran 20 tests in 2.208s
[tests : nosetests] 
[tests : nosetests] FAILED (errors=2)
[tests : nosetests] 

